<project name="genTestReport" default="gen" basedir=".">
        <description>
                Generate the HTML report from JUnit XML files
        </description>

        <target name="gen">
	        <!-- <property name="xmlfile"/> -->
	        	<basename property="xmlfileBase" file="${xmlfile}"/>
                <property name="genReportDir" location="${basedir}/unitTestReports/${xmlfileBase}/"/>
                <delete dir="${genReportDir}"/>
                <mkdir dir="${genReportDir}"/>
                <junitreport todir="${basedir}/unitTestReports/${xmlfileBase}/">
                        <fileset file="${xmlfile}"/>
                        <report format="frames" todir="${genReportDir}/html"/>
                </junitreport>
        </target>
</project>
